{"/home/pinkbess/frontend-project-lvl2/index.js": {"path":"/home/pinkbess/frontend-project-lvl2/index.js","all":false,"statementMap":{"0":{"start":{"line":1,"column":0},"end":{"line":1,"column":37}},"1":{"start":{"line":2,"column":0},"end":{"line":2,"column":0}},"2":{"start":{"line":3,"column":0},"end":{"line":3,"column":23}}},"s":{"0":1,"1":1,"2":1},"branchMap":{"0":{"type":"branch","line":1,"loc":{"start":{"line":1,"column":0},"end":{"line":3,"column":23}},"locations":[{"start":{"line":1,"column":0},"end":{"line":3,"column":23}}]}},"b":{"0":[1]},"fnMap":{},"f":{}}
,"/home/pinkbess/frontend-project-lvl2/src/index.js": {"path":"/home/pinkbess/frontend-project-lvl2/src/index.js","all":false,"statementMap":{"0":{"start":{"line":1,"column":0},"end":{"line":1,"column":20}},"1":{"start":{"line":2,"column":0},"end":{"line":2,"column":24}},"2":{"start":{"line":3,"column":0},"end":{"line":3,"column":35}},"3":{"start":{"line":4,"column":0},"end":{"line":4,"column":37}},"4":{"start":{"line":5,"column":0},"end":{"line":5,"column":40}},"5":{"start":{"line":6,"column":0},"end":{"line":6,"column":47}},"6":{"start":{"line":7,"column":0},"end":{"line":7,"column":0}},"7":{"start":{"line":8,"column":0},"end":{"line":8,"column":68}},"8":{"start":{"line":9,"column":0},"end":{"line":9,"column":0}},"9":{"start":{"line":10,"column":0},"end":{"line":10,"column":60}},"10":{"start":{"line":11,"column":0},"end":{"line":11,"column":0}},"11":{"start":{"line":12,"column":0},"end":{"line":12,"column":38}},"12":{"start":{"line":13,"column":0},"end":{"line":13,"column":45}},"13":{"start":{"line":14,"column":0},"end":{"line":14,"column":61}},"14":{"start":{"line":15,"column":0},"end":{"line":15,"column":40}},"15":{"start":{"line":16,"column":0},"end":{"line":16,"column":43}},"16":{"start":{"line":17,"column":0},"end":{"line":17,"column":2}},"17":{"start":{"line":18,"column":0},"end":{"line":18,"column":0}},"18":{"start":{"line":19,"column":0},"end":{"line":19,"column":55}},"19":{"start":{"line":20,"column":0},"end":{"line":20,"column":52}},"20":{"start":{"line":21,"column":0},"end":{"line":21,"column":52}},"21":{"start":{"line":22,"column":0},"end":{"line":22,"column":58}},"22":{"start":{"line":23,"column":0},"end":{"line":23,"column":34}},"23":{"start":{"line":24,"column":0},"end":{"line":24,"column":2}},"24":{"start":{"line":25,"column":0},"end":{"line":25,"column":0}},"25":{"start":{"line":26,"column":0},"end":{"line":26,"column":23}}},"s":{"0":1,"1":1,"2":1,"3":1,"4":1,"5":1,"6":1,"7":1,"8":1,"9":1,"10":1,"11":1,"12":16,"13":16,"14":16,"15":16,"16":1,"17":1,"18":1,"19":8,"20":8,"21":8,"22":8,"23":1,"24":1,"25":1},"branchMap":{"0":{"type":"branch","line":1,"loc":{"start":{"line":1,"column":0},"end":{"line":26,"column":23}},"locations":[{"start":{"line":1,"column":0},"end":{"line":26,"column":23}}]},"1":{"type":"branch","line":8,"loc":{"start":{"line":8,"column":24},"end":{"line":8,"column":67}},"locations":[{"start":{"line":8,"column":24},"end":{"line":8,"column":67}}]},"2":{"type":"branch","line":10,"loc":{"start":{"line":10,"column":22},"end":{"line":10,"column":59}},"locations":[{"start":{"line":10,"column":22},"end":{"line":10,"column":59}}]},"3":{"type":"branch","line":12,"loc":{"start":{"line":12,"column":27},"end":{"line":17,"column":1}},"locations":[{"start":{"line":12,"column":27},"end":{"line":17,"column":1}}]},"4":{"type":"branch","line":19,"loc":{"start":{"line":19,"column":16},"end":{"line":24,"column":1}},"locations":[{"start":{"line":19,"column":16},"end":{"line":24,"column":1}}]}},"b":{"0":[1],"1":[16],"2":[16],"3":[16],"4":[8]},"fnMap":{"0":{"name":"getAbsolutePath","decl":{"start":{"line":8,"column":24},"end":{"line":8,"column":67}},"loc":{"start":{"line":8,"column":24},"end":{"line":8,"column":67}},"line":8},"1":{"name":"getExtensions","decl":{"start":{"line":10,"column":22},"end":{"line":10,"column":59}},"loc":{"start":{"line":10,"column":22},"end":{"line":10,"column":59}},"line":10},"2":{"name":"getContentFromFile","decl":{"start":{"line":12,"column":27},"end":{"line":17,"column":1}},"loc":{"start":{"line":12,"column":27},"end":{"line":17,"column":1}},"line":12},"3":{"name":"gendiff","decl":{"start":{"line":19,"column":16},"end":{"line":24,"column":1}},"loc":{"start":{"line":19,"column":16},"end":{"line":24,"column":1}},"line":19}},"f":{"0":16,"1":16,"2":16,"3":8}}
,"/home/pinkbess/frontend-project-lvl2/src/parsers.js": {"path":"/home/pinkbess/frontend-project-lvl2/src/parsers.js","all":false,"statementMap":{"0":{"start":{"line":1,"column":0},"end":{"line":1,"column":27}},"1":{"start":{"line":2,"column":0},"end":{"line":2,"column":0}},"2":{"start":{"line":3,"column":0},"end":{"line":3,"column":47}},"3":{"start":{"line":4,"column":0},"end":{"line":4,"column":22}},"4":{"start":{"line":5,"column":0},"end":{"line":5,"column":16}},"5":{"start":{"line":6,"column":0},"end":{"line":6,"column":37}},"6":{"start":{"line":7,"column":0},"end":{"line":7,"column":15}},"7":{"start":{"line":8,"column":0},"end":{"line":8,"column":16}},"8":{"start":{"line":9,"column":0},"end":{"line":9,"column":36}},"9":{"start":{"line":10,"column":0},"end":{"line":10,"column":12}},"10":{"start":{"line":11,"column":0},"end":{"line":11,"column":90}},"11":{"start":{"line":12,"column":0},"end":{"line":12,"column":3}},"12":{"start":{"line":13,"column":0},"end":{"line":13,"column":2}},"13":{"start":{"line":14,"column":0},"end":{"line":14,"column":25}}},"s":{"0":1,"1":1,"2":1,"3":16,"4":16,"5":8,"6":16,"7":16,"8":8,"9":16,"10":0,"11":16,"12":1,"13":1},"branchMap":{"0":{"type":"branch","line":1,"loc":{"start":{"line":1,"column":0},"end":{"line":14,"column":25}},"locations":[{"start":{"line":1,"column":0},"end":{"line":14,"column":25}}]},"1":{"type":"branch","line":3,"loc":{"start":{"line":3,"column":18},"end":{"line":13,"column":1}},"locations":[{"start":{"line":3,"column":18},"end":{"line":13,"column":1}}]},"2":{"type":"branch","line":5,"loc":{"start":{"line":5,"column":4},"end":{"line":6,"column":37}},"locations":[{"start":{"line":5,"column":4},"end":{"line":6,"column":37}}]},"3":{"type":"branch","line":7,"loc":{"start":{"line":7,"column":4},"end":{"line":7,"column":15}},"locations":[{"start":{"line":7,"column":4},"end":{"line":7,"column":15}}]},"4":{"type":"branch","line":8,"loc":{"start":{"line":8,"column":4},"end":{"line":9,"column":36}},"locations":[{"start":{"line":8,"column":4},"end":{"line":9,"column":36}}]},"5":{"type":"branch","line":10,"loc":{"start":{"line":10,"column":4},"end":{"line":11,"column":90}},"locations":[{"start":{"line":10,"column":4},"end":{"line":11,"column":90}}]}},"b":{"0":[1],"1":[16],"2":[8],"3":[0],"4":[8],"5":[0]},"fnMap":{"0":{"name":"parseFile","decl":{"start":{"line":3,"column":18},"end":{"line":13,"column":1}},"loc":{"start":{"line":3,"column":18},"end":{"line":13,"column":1}},"line":3}},"f":{"0":16}}
,"/home/pinkbess/frontend-project-lvl2/src/treeBuilder.js": {"path":"/home/pinkbess/frontend-project-lvl2/src/treeBuilder.js","all":false,"statementMap":{"0":{"start":{"line":1,"column":0},"end":{"line":1,"column":23}},"1":{"start":{"line":2,"column":0},"end":{"line":2,"column":0}},"2":{"start":{"line":3,"column":0},"end":{"line":3,"column":36}},"3":{"start":{"line":4,"column":0},"end":{"line":4,"column":66}},"4":{"start":{"line":5,"column":0},"end":{"line":5,"column":0}},"5":{"start":{"line":6,"column":0},"end":{"line":6,"column":37}},"6":{"start":{"line":7,"column":0},"end":{"line":7,"column":29}},"7":{"start":{"line":8,"column":0},"end":{"line":8,"column":14}},"8":{"start":{"line":9,"column":0},"end":{"line":9,"column":18}},"9":{"start":{"line":10,"column":0},"end":{"line":10,"column":26}},"10":{"start":{"line":11,"column":0},"end":{"line":11,"column":22}},"11":{"start":{"line":12,"column":0},"end":{"line":12,"column":8}},"12":{"start":{"line":13,"column":0},"end":{"line":13,"column":5}},"13":{"start":{"line":14,"column":0},"end":{"line":14,"column":29}},"14":{"start":{"line":15,"column":0},"end":{"line":15,"column":14}},"15":{"start":{"line":16,"column":0},"end":{"line":16,"column":18}},"16":{"start":{"line":17,"column":0},"end":{"line":17,"column":26}},"17":{"start":{"line":18,"column":0},"end":{"line":18,"column":24}},"18":{"start":{"line":19,"column":0},"end":{"line":19,"column":8}},"19":{"start":{"line":20,"column":0},"end":{"line":20,"column":5}},"20":{"start":{"line":21,"column":0},"end":{"line":21,"column":69}},"21":{"start":{"line":22,"column":0},"end":{"line":22,"column":14}},"22":{"start":{"line":23,"column":0},"end":{"line":23,"column":18}},"23":{"start":{"line":24,"column":0},"end":{"line":24,"column":23}},"24":{"start":{"line":25,"column":0},"end":{"line":25,"column":51}},"25":{"start":{"line":26,"column":0},"end":{"line":26,"column":8}},"26":{"start":{"line":27,"column":0},"end":{"line":27,"column":5}},"27":{"start":{"line":28,"column":0},"end":{"line":28,"column":36}},"28":{"start":{"line":29,"column":0},"end":{"line":29,"column":14}},"29":{"start":{"line":30,"column":0},"end":{"line":30,"column":18}},"30":{"start":{"line":31,"column":0},"end":{"line":31,"column":24}},"31":{"start":{"line":32,"column":0},"end":{"line":32,"column":32}},"32":{"start":{"line":33,"column":0},"end":{"line":33,"column":31}},"33":{"start":{"line":34,"column":0},"end":{"line":34,"column":8}},"34":{"start":{"line":35,"column":0},"end":{"line":35,"column":5}},"35":{"start":{"line":36,"column":0},"end":{"line":36,"column":0}},"36":{"start":{"line":37,"column":0},"end":{"line":37,"column":12}},"37":{"start":{"line":38,"column":0},"end":{"line":38,"column":16}},"38":{"start":{"line":39,"column":0},"end":{"line":39,"column":24}},"39":{"start":{"line":40,"column":0},"end":{"line":40,"column":24}},"40":{"start":{"line":41,"column":0},"end":{"line":41,"column":6}},"41":{"start":{"line":42,"column":0},"end":{"line":42,"column":5}},"42":{"start":{"line":43,"column":0},"end":{"line":43,"column":0}},"43":{"start":{"line":44,"column":0},"end":{"line":44,"column":14}},"44":{"start":{"line":45,"column":0},"end":{"line":45,"column":2}},"45":{"start":{"line":46,"column":0},"end":{"line":46,"column":24}}},"s":{"0":1,"1":1,"2":1,"3":40,"4":40,"5":40,"6":144,"7":40,"8":40,"9":40,"10":40,"11":40,"12":40,"13":144,"14":16,"15":16,"16":16,"17":16,"18":16,"19":16,"20":144,"21":32,"22":32,"23":32,"24":32,"25":32,"26":32,"27":144,"28":32,"29":32,"30":32,"31":32,"32":32,"33":32,"34":32,"35":24,"36":24,"37":24,"38":24,"39":24,"40":24,"41":40,"42":40,"43":40,"44":1,"45":1},"branchMap":{"0":{"type":"branch","line":1,"loc":{"start":{"line":1,"column":0},"end":{"line":46,"column":24}},"locations":[{"start":{"line":1,"column":0},"end":{"line":46,"column":24}}]},"1":{"type":"branch","line":3,"loc":{"start":{"line":3,"column":17},"end":{"line":45,"column":1}},"locations":[{"start":{"line":3,"column":17},"end":{"line":45,"column":1}}]},"2":{"type":"branch","line":6,"loc":{"start":{"line":6,"column":27},"end":{"line":42,"column":3}},"locations":[{"start":{"line":6,"column":27},"end":{"line":42,"column":3}}]},"3":{"type":"branch","line":7,"loc":{"start":{"line":7,"column":28},"end":{"line":13,"column":5}},"locations":[{"start":{"line":7,"column":28},"end":{"line":13,"column":5}}]},"4":{"type":"branch","line":14,"loc":{"start":{"line":14,"column":-1},"end":{"line":14,"column":28}},"locations":[{"start":{"line":14,"column":-1},"end":{"line":14,"column":28}}]},"5":{"type":"branch","line":14,"loc":{"start":{"line":14,"column":28},"end":{"line":20,"column":5}},"locations":[{"start":{"line":14,"column":28},"end":{"line":20,"column":5}}]},"6":{"type":"branch","line":21,"loc":{"start":{"line":21,"column":-1},"end":{"line":21,"column":36}},"locations":[{"start":{"line":21,"column":-1},"end":{"line":21,"column":36}}]},"7":{"type":"branch","line":21,"loc":{"start":{"line":21,"column":36},"end":{"line":21,"column":66}},"locations":[{"start":{"line":21,"column":36},"end":{"line":21,"column":66}}]},"8":{"type":"branch","line":21,"loc":{"start":{"line":21,"column":68},"end":{"line":27,"column":5}},"locations":[{"start":{"line":21,"column":68},"end":{"line":27,"column":5}}]},"9":{"type":"branch","line":28,"loc":{"start":{"line":28,"column":-1},"end":{"line":28,"column":35}},"locations":[{"start":{"line":28,"column":-1},"end":{"line":28,"column":35}}]},"10":{"type":"branch","line":28,"loc":{"start":{"line":28,"column":35},"end":{"line":35,"column":5}},"locations":[{"start":{"line":28,"column":35},"end":{"line":35,"column":5}}]},"11":{"type":"branch","line":36,"loc":{"start":{"line":36,"column":-1},"end":{"line":42,"column":2}},"locations":[{"start":{"line":36,"column":-1},"end":{"line":42,"column":2}}]}},"b":{"0":[1],"1":[40],"2":[144],"3":[40],"4":[104],"5":[16],"6":[88],"7":[40],"8":[32],"9":[56],"10":[32],"11":[24]},"fnMap":{"0":{"name":"makeTree","decl":{"start":{"line":3,"column":17},"end":{"line":45,"column":1}},"loc":{"start":{"line":3,"column":17},"end":{"line":45,"column":1}},"line":3}},"f":{"0":40}}
,"/home/pinkbess/frontend-project-lvl2/src/formatters/index.js": {"path":"/home/pinkbess/frontend-project-lvl2/src/formatters/index.js","all":false,"statementMap":{"0":{"start":{"line":1,"column":0},"end":{"line":1,"column":35}},"1":{"start":{"line":2,"column":0},"end":{"line":2,"column":31}},"2":{"start":{"line":3,"column":0},"end":{"line":3,"column":33}},"3":{"start":{"line":4,"column":0},"end":{"line":4,"column":0}},"4":{"start":{"line":5,"column":0},"end":{"line":5,"column":38}},"5":{"start":{"line":6,"column":0},"end":{"line":6,"column":19}},"6":{"start":{"line":7,"column":0},"end":{"line":7,"column":17}},"7":{"start":{"line":8,"column":0},"end":{"line":8,"column":25}},"8":{"start":{"line":9,"column":0},"end":{"line":9,"column":16}},"9":{"start":{"line":10,"column":0},"end":{"line":10,"column":28}},"10":{"start":{"line":11,"column":0},"end":{"line":11,"column":19}},"11":{"start":{"line":12,"column":0},"end":{"line":12,"column":27}},"12":{"start":{"line":13,"column":0},"end":{"line":13,"column":12}},"13":{"start":{"line":14,"column":0},"end":{"line":14,"column":91}},"14":{"start":{"line":15,"column":0},"end":{"line":15,"column":3}},"15":{"start":{"line":16,"column":0},"end":{"line":16,"column":2}},"16":{"start":{"line":17,"column":0},"end":{"line":17,"column":26}}},"s":{"0":1,"1":1,"2":1,"3":1,"4":1,"5":8,"6":8,"7":2,"8":8,"9":2,"10":8,"11":4,"12":8,"13":0,"14":8,"15":1,"16":1},"branchMap":{"0":{"type":"branch","line":1,"loc":{"start":{"line":1,"column":0},"end":{"line":17,"column":26}},"locations":[{"start":{"line":1,"column":0},"end":{"line":17,"column":26}}]},"1":{"type":"branch","line":5,"loc":{"start":{"line":5,"column":19},"end":{"line":16,"column":1}},"locations":[{"start":{"line":5,"column":19},"end":{"line":16,"column":1}}]},"2":{"type":"branch","line":7,"loc":{"start":{"line":7,"column":4},"end":{"line":8,"column":25}},"locations":[{"start":{"line":7,"column":4},"end":{"line":8,"column":25}}]},"3":{"type":"branch","line":9,"loc":{"start":{"line":9,"column":4},"end":{"line":10,"column":28}},"locations":[{"start":{"line":9,"column":4},"end":{"line":10,"column":28}}]},"4":{"type":"branch","line":11,"loc":{"start":{"line":11,"column":4},"end":{"line":12,"column":27}},"locations":[{"start":{"line":11,"column":4},"end":{"line":12,"column":27}}]},"5":{"type":"branch","line":13,"loc":{"start":{"line":13,"column":4},"end":{"line":14,"column":91}},"locations":[{"start":{"line":13,"column":4},"end":{"line":14,"column":91}}]}},"b":{"0":[1],"1":[8],"2":[2],"3":[2],"4":[4],"5":[0]},"fnMap":{"0":{"name":"formatFile","decl":{"start":{"line":5,"column":19},"end":{"line":16,"column":1}},"loc":{"start":{"line":5,"column":19},"end":{"line":16,"column":1}},"line":5}},"f":{"0":8}}
,"/home/pinkbess/frontend-project-lvl2/src/formatters/json.js": {"path":"/home/pinkbess/frontend-project-lvl2/src/formatters/json.js","all":false,"statementMap":{"0":{"start":{"line":1,"column":0},"end":{"line":1,"column":48}},"1":{"start":{"line":2,"column":0},"end":{"line":2,"column":0}},"2":{"start":{"line":3,"column":0},"end":{"line":3,"column":24}}},"s":{"0":1,"1":1,"2":1},"branchMap":{"0":{"type":"branch","line":1,"loc":{"start":{"line":1,"column":0},"end":{"line":3,"column":24}},"locations":[{"start":{"line":1,"column":0},"end":{"line":3,"column":24}}]},"1":{"type":"branch","line":1,"loc":{"start":{"line":1,"column":17},"end":{"line":1,"column":47}},"locations":[{"start":{"line":1,"column":17},"end":{"line":1,"column":47}}]}},"b":{"0":[1],"1":[2]},"fnMap":{"0":{"name":"makeJson","decl":{"start":{"line":1,"column":17},"end":{"line":1,"column":47}},"loc":{"start":{"line":1,"column":17},"end":{"line":1,"column":47}},"line":1}},"f":{"0":2}}
,"/home/pinkbess/frontend-project-lvl2/src/formatters/plain.js": {"path":"/home/pinkbess/frontend-project-lvl2/src/formatters/plain.js","all":false,"statementMap":{"0":{"start":{"line":1,"column":0},"end":{"line":1,"column":23}},"1":{"start":{"line":2,"column":0},"end":{"line":2,"column":0}},"2":{"start":{"line":3,"column":0},"end":{"line":3,"column":29}},"3":{"start":{"line":4,"column":0},"end":{"line":4,"column":23}},"4":{"start":{"line":5,"column":0},"end":{"line":5,"column":16}},"5":{"start":{"line":6,"column":0},"end":{"line":6,"column":3}},"6":{"start":{"line":7,"column":0},"end":{"line":7,"column":26}},"7":{"start":{"line":8,"column":0},"end":{"line":8,"column":29}},"8":{"start":{"line":9,"column":0},"end":{"line":9,"column":3}},"9":{"start":{"line":10,"column":0},"end":{"line":10,"column":26}},"10":{"start":{"line":11,"column":0},"end":{"line":11,"column":24}},"11":{"start":{"line":12,"column":0},"end":{"line":12,"column":3}},"12":{"start":{"line":13,"column":0},"end":{"line":13,"column":23}},"13":{"start":{"line":14,"column":0},"end":{"line":14,"column":2}},"14":{"start":{"line":15,"column":0},"end":{"line":15,"column":0}},"15":{"start":{"line":16,"column":0},"end":{"line":16,"column":25}},"16":{"start":{"line":17,"column":0},"end":{"line":17,"column":38}},"17":{"start":{"line":18,"column":0},"end":{"line":18,"column":47}},"18":{"start":{"line":19,"column":0},"end":{"line":19,"column":11}},"19":{"start":{"line":20,"column":0},"end":{"line":20,"column":59}},"20":{"start":{"line":21,"column":0},"end":{"line":21,"column":11}},"21":{"start":{"line":22,"column":0},"end":{"line":22,"column":39}},"22":{"start":{"line":23,"column":0},"end":{"line":23,"column":0}},"23":{"start":{"line":24,"column":0},"end":{"line":24,"column":21}},"24":{"start":{"line":25,"column":0},"end":{"line":25,"column":23}},"25":{"start":{"line":26,"column":0},"end":{"line":26,"column":79}},"26":{"start":{"line":27,"column":0},"end":{"line":27,"column":9}},"27":{"start":{"line":28,"column":0},"end":{"line":28,"column":25}},"28":{"start":{"line":29,"column":0},"end":{"line":29,"column":50}},"29":{"start":{"line":30,"column":0},"end":{"line":30,"column":9}},"30":{"start":{"line":31,"column":0},"end":{"line":31,"column":25}},"31":{"start":{"line":32,"column":0},"end":{"line":32,"column":108}},"32":{"start":{"line":33,"column":0},"end":{"line":33,"column":9}},"33":{"start":{"line":34,"column":0},"end":{"line":34,"column":24}},"34":{"start":{"line":35,"column":0},"end":{"line":35,"column":44}},"35":{"start":{"line":36,"column":0},"end":{"line":36,"column":9}},"36":{"start":{"line":37,"column":0},"end":{"line":37,"column":16}},"37":{"start":{"line":38,"column":0},"end":{"line":38,"column":47}},"38":{"start":{"line":39,"column":0},"end":{"line":39,"column":7}},"39":{"start":{"line":40,"column":0},"end":{"line":40,"column":18}},"40":{"start":{"line":41,"column":0},"end":{"line":41,"column":0}},"41":{"start":{"line":42,"column":0},"end":{"line":42,"column":24}},"42":{"start":{"line":43,"column":0},"end":{"line":43,"column":2}},"43":{"start":{"line":44,"column":0},"end":{"line":44,"column":0}},"44":{"start":{"line":45,"column":0},"end":{"line":45,"column":21}}},"s":{"0":1,"1":1,"2":1,"3":26,"4":2,"5":2,"6":26,"7":6,"8":6,"9":26,"10":14,"11":14,"12":4,"13":1,"14":1,"15":1,"16":2,"17":10,"18":10,"19":30,"20":30,"21":30,"22":30,"23":30,"24":30,"25":10,"26":10,"27":30,"28":4,"29":4,"30":30,"31":8,"32":8,"33":30,"34":8,"35":8,"36":30,"37":0,"38":30,"39":2,"40":2,"41":2,"42":1,"43":1,"44":1},"branchMap":{"0":{"type":"branch","line":1,"loc":{"start":{"line":1,"column":0},"end":{"line":45,"column":21}},"locations":[{"start":{"line":1,"column":0},"end":{"line":45,"column":21}}]},"1":{"type":"branch","line":3,"loc":{"start":{"line":3,"column":17},"end":{"line":14,"column":1}},"locations":[{"start":{"line":3,"column":17},"end":{"line":14,"column":1}}]},"2":{"type":"branch","line":4,"loc":{"start":{"line":4,"column":22},"end":{"line":6,"column":3}},"locations":[{"start":{"line":4,"column":22},"end":{"line":6,"column":3}}]},"3":{"type":"branch","line":7,"loc":{"start":{"line":7,"column":-1},"end":{"line":7,"column":25}},"locations":[{"start":{"line":7,"column":-1},"end":{"line":7,"column":25}}]},"4":{"type":"branch","line":7,"loc":{"start":{"line":7,"column":25},"end":{"line":9,"column":3}},"locations":[{"start":{"line":7,"column":25},"end":{"line":9,"column":3}}]},"5":{"type":"branch","line":10,"loc":{"start":{"line":10,"column":-1},"end":{"line":10,"column":25}},"locations":[{"start":{"line":10,"column":-1},"end":{"line":10,"column":25}}]},"6":{"type":"branch","line":10,"loc":{"start":{"line":10,"column":25},"end":{"line":12,"column":3}},"locations":[{"start":{"line":10,"column":25},"end":{"line":12,"column":3}}]},"7":{"type":"branch","line":13,"loc":{"start":{"line":13,"column":-1},"end":{"line":14,"column":0}},"locations":[{"start":{"line":13,"column":-1},"end":{"line":14,"column":0}}]},"8":{"type":"branch","line":16,"loc":{"start":{"line":16,"column":14},"end":{"line":43,"column":1}},"locations":[{"start":{"line":16,"column":14},"end":{"line":43,"column":1}}]},"9":{"type":"branch","line":17,"loc":{"start":{"line":17,"column":15},"end":{"line":40,"column":17}},"locations":[{"start":{"line":17,"column":15},"end":{"line":40,"column":17}}]},"10":{"type":"branch","line":18,"loc":{"start":{"line":18,"column":12},"end":{"line":18,"column":46}},"locations":[{"start":{"line":18,"column":12},"end":{"line":18,"column":46}}]},"11":{"type":"branch","line":19,"loc":{"start":{"line":19,"column":9},"end":{"line":40,"column":5}},"locations":[{"start":{"line":19,"column":9},"end":{"line":40,"column":5}}]},"12":{"type":"branch","line":25,"loc":{"start":{"line":25,"column":8},"end":{"line":27,"column":9}},"locations":[{"start":{"line":25,"column":8},"end":{"line":27,"column":9}}]},"13":{"type":"branch","line":28,"loc":{"start":{"line":28,"column":8},"end":{"line":30,"column":9}},"locations":[{"start":{"line":28,"column":8},"end":{"line":30,"column":9}}]},"14":{"type":"branch","line":31,"loc":{"start":{"line":31,"column":8},"end":{"line":33,"column":9}},"locations":[{"start":{"line":31,"column":8},"end":{"line":33,"column":9}}]},"15":{"type":"branch","line":34,"loc":{"start":{"line":34,"column":8},"end":{"line":36,"column":9}},"locations":[{"start":{"line":34,"column":8},"end":{"line":36,"column":9}}]},"16":{"type":"branch","line":37,"loc":{"start":{"line":37,"column":8},"end":{"line":38,"column":47}},"locations":[{"start":{"line":37,"column":8},"end":{"line":38,"column":47}}]}},"b":{"0":[1],"1":[26],"2":[2],"3":[24],"4":[6],"5":[18],"6":[14],"7":[4],"8":[2],"9":[10],"10":[36],"11":[30],"12":[10],"13":[4],"14":[8],"15":[8],"16":[0]},"fnMap":{"0":{"name":"getValue","decl":{"start":{"line":3,"column":17},"end":{"line":14,"column":1}},"loc":{"start":{"line":3,"column":17},"end":{"line":14,"column":1}},"line":3},"1":{"name":"plain","decl":{"start":{"line":16,"column":14},"end":{"line":43,"column":1}},"loc":{"start":{"line":16,"column":14},"end":{"line":43,"column":1}},"line":16},"2":{"name":"iter","decl":{"start":{"line":17,"column":15},"end":{"line":40,"column":17}},"loc":{"start":{"line":17,"column":15},"end":{"line":40,"column":17}},"line":17}},"f":{"0":26,"1":2,"2":10}}
,"/home/pinkbess/frontend-project-lvl2/src/formatters/stylish.js": {"path":"/home/pinkbess/frontend-project-lvl2/src/formatters/stylish.js","all":false,"statementMap":{"0":{"start":{"line":1,"column":0},"end":{"line":1,"column":23}},"1":{"start":{"line":2,"column":0},"end":{"line":2,"column":0}},"2":{"start":{"line":3,"column":0},"end":{"line":3,"column":28}},"3":{"start":{"line":4,"column":0},"end":{"line":4,"column":30}},"4":{"start":{"line":5,"column":0},"end":{"line":5,"column":34}},"5":{"start":{"line":6,"column":0},"end":{"line":6,"column":38}},"6":{"start":{"line":7,"column":0},"end":{"line":7,"column":56}},"7":{"start":{"line":8,"column":0},"end":{"line":8,"column":0}},"8":{"start":{"line":9,"column":0},"end":{"line":9,"column":67}},"9":{"start":{"line":10,"column":0},"end":{"line":10,"column":27}},"10":{"start":{"line":11,"column":0},"end":{"line":11,"column":17}},"11":{"start":{"line":12,"column":0},"end":{"line":12,"column":3}},"12":{"start":{"line":13,"column":0},"end":{"line":13,"column":32}},"13":{"start":{"line":14,"column":0},"end":{"line":14,"column":44}},"14":{"start":{"line":15,"column":0},"end":{"line":15,"column":33}},"15":{"start":{"line":16,"column":0},"end":{"line":16,"column":89}},"16":{"start":{"line":17,"column":0},"end":{"line":17,"column":5}},"17":{"start":{"line":18,"column":0},"end":{"line":18,"column":46}},"18":{"start":{"line":19,"column":0},"end":{"line":19,"column":5}},"19":{"start":{"line":20,"column":0},"end":{"line":20,"column":53}},"20":{"start":{"line":21,"column":0},"end":{"line":21,"column":2}},"21":{"start":{"line":22,"column":0},"end":{"line":22,"column":0}},"22":{"start":{"line":23,"column":0},"end":{"line":23,"column":26}},"23":{"start":{"line":24,"column":0},"end":{"line":24,"column":78}},"24":{"start":{"line":25,"column":0},"end":{"line":25,"column":11}},"25":{"start":{"line":26,"column":0},"end":{"line":26,"column":59}},"26":{"start":{"line":27,"column":0},"end":{"line":27,"column":12}},"27":{"start":{"line":28,"column":0},"end":{"line":28,"column":38}},"28":{"start":{"line":29,"column":0},"end":{"line":29,"column":69}},"29":{"start":{"line":30,"column":0},"end":{"line":30,"column":0}},"30":{"start":{"line":31,"column":0},"end":{"line":31,"column":19}},"31":{"start":{"line":32,"column":0},"end":{"line":32,"column":21}},"32":{"start":{"line":33,"column":0},"end":{"line":33,"column":67}},"33":{"start":{"line":34,"column":0},"end":{"line":34,"column":7}},"34":{"start":{"line":35,"column":0},"end":{"line":35,"column":23}},"35":{"start":{"line":36,"column":0},"end":{"line":36,"column":67}},"36":{"start":{"line":37,"column":0},"end":{"line":37,"column":7}},"37":{"start":{"line":38,"column":0},"end":{"line":38,"column":22}},"38":{"start":{"line":39,"column":0},"end":{"line":39,"column":114}},"39":{"start":{"line":40,"column":0},"end":{"line":40,"column":7}},"40":{"start":{"line":41,"column":0},"end":{"line":41,"column":23}},"41":{"start":{"line":42,"column":0},"end":{"line":42,"column":127}},"42":{"start":{"line":43,"column":0},"end":{"line":43,"column":7}},"43":{"start":{"line":44,"column":0},"end":{"line":44,"column":25}},"44":{"start":{"line":45,"column":0},"end":{"line":45,"column":67}},"45":{"start":{"line":46,"column":0},"end":{"line":46,"column":7}},"46":{"start":{"line":47,"column":0},"end":{"line":47,"column":16}},"47":{"start":{"line":48,"column":0},"end":{"line":48,"column":53}},"48":{"start":{"line":49,"column":0},"end":{"line":49,"column":7}},"49":{"start":{"line":50,"column":0},"end":{"line":50,"column":5}},"50":{"start":{"line":51,"column":0},"end":{"line":51,"column":5}},"51":{"start":{"line":52,"column":0},"end":{"line":52,"column":0}},"52":{"start":{"line":53,"column":0},"end":{"line":53,"column":38}},"53":{"start":{"line":54,"column":0},"end":{"line":54,"column":2}},"54":{"start":{"line":55,"column":0},"end":{"line":55,"column":27}},"55":{"start":{"line":56,"column":0},"end":{"line":56,"column":30}},"56":{"start":{"line":57,"column":0},"end":{"line":57,"column":16}},"57":{"start":{"line":58,"column":0},"end":{"line":58,"column":2}},"58":{"start":{"line":59,"column":0},"end":{"line":59,"column":23}}},"s":{"0":1,"1":1,"2":1,"3":1,"4":1,"5":1,"6":84,"7":84,"8":84,"9":84,"10":56,"11":56,"12":28,"13":28,"14":36,"15":12,"16":12,"17":24,"18":28,"19":28,"20":1,"21":1,"22":1,"23":4,"24":72,"25":72,"26":72,"27":72,"28":72,"29":72,"30":72,"31":72,"32":20,"33":20,"34":72,"35":8,"36":8,"37":72,"38":16,"39":16,"40":72,"41":16,"42":16,"43":72,"44":12,"45":12,"46":72,"47":0,"48":0,"49":72,"50":4,"51":4,"52":4,"53":1,"54":1,"55":4,"56":4,"57":1,"58":1},"branchMap":{"0":{"type":"branch","line":1,"loc":{"start":{"line":1,"column":0},"end":{"line":59,"column":23}},"locations":[{"start":{"line":1,"column":0},"end":{"line":59,"column":23}}]},"1":{"type":"branch","line":6,"loc":{"start":{"line":6,"column":18},"end":{"line":21,"column":1}},"locations":[{"start":{"line":6,"column":18},"end":{"line":21,"column":1}}]},"2":{"type":"branch","line":10,"loc":{"start":{"line":10,"column":26},"end":{"line":12,"column":3}},"locations":[{"start":{"line":10,"column":26},"end":{"line":12,"column":3}}]},"3":{"type":"branch","line":13,"loc":{"start":{"line":13,"column":-1},"end":{"line":21,"column":0}},"locations":[{"start":{"line":13,"column":-1},"end":{"line":21,"column":0}}]},"4":{"type":"branch","line":14,"loc":{"start":{"line":14,"column":34},"end":{"line":19,"column":3}},"locations":[{"start":{"line":14,"column":34},"end":{"line":19,"column":3}}]},"5":{"type":"branch","line":15,"loc":{"start":{"line":15,"column":32},"end":{"line":17,"column":5}},"locations":[{"start":{"line":15,"column":32},"end":{"line":17,"column":5}}]},"6":{"type":"branch","line":18,"loc":{"start":{"line":18,"column":-1},"end":{"line":19,"column":2}},"locations":[{"start":{"line":18,"column":-1},"end":{"line":19,"column":2}}]},"7":{"type":"branch","line":23,"loc":{"start":{"line":23,"column":15},"end":{"line":54,"column":1}},"locations":[{"start":{"line":23,"column":15},"end":{"line":54,"column":1}}]},"8":{"type":"branch","line":24,"loc":{"start":{"line":24,"column":15},"end":{"line":51,"column":4}},"locations":[{"start":{"line":24,"column":15},"end":{"line":51,"column":4}}]},"9":{"type":"branch","line":24,"loc":{"start":{"line":24,"column":68},"end":{"line":51,"column":3}},"locations":[{"start":{"line":24,"column":68},"end":{"line":51,"column":3}}]},"10":{"type":"branch","line":32,"loc":{"start":{"line":32,"column":6},"end":{"line":34,"column":7}},"locations":[{"start":{"line":32,"column":6},"end":{"line":34,"column":7}}]},"11":{"type":"branch","line":35,"loc":{"start":{"line":35,"column":6},"end":{"line":37,"column":7}},"locations":[{"start":{"line":35,"column":6},"end":{"line":37,"column":7}}]},"12":{"type":"branch","line":38,"loc":{"start":{"line":38,"column":6},"end":{"line":40,"column":7}},"locations":[{"start":{"line":38,"column":6},"end":{"line":40,"column":7}}]},"13":{"type":"branch","line":41,"loc":{"start":{"line":41,"column":6},"end":{"line":43,"column":7}},"locations":[{"start":{"line":41,"column":6},"end":{"line":43,"column":7}}]},"14":{"type":"branch","line":44,"loc":{"start":{"line":44,"column":6},"end":{"line":46,"column":7}},"locations":[{"start":{"line":44,"column":6},"end":{"line":46,"column":7}}]},"15":{"type":"branch","line":47,"loc":{"start":{"line":47,"column":6},"end":{"line":49,"column":7}},"locations":[{"start":{"line":47,"column":6},"end":{"line":49,"column":7}}]},"16":{"type":"branch","line":55,"loc":{"start":{"line":55,"column":16},"end":{"line":58,"column":1}},"locations":[{"start":{"line":55,"column":16},"end":{"line":58,"column":1}}]}},"b":{"0":[1],"1":[84],"2":[56],"3":[28],"4":[36],"5":[12],"6":[24],"7":[4],"8":[20],"9":[72],"10":[20],"11":[8],"12":[16],"13":[16],"14":[12],"15":[0],"16":[4]},"fnMap":{"0":{"name":"stringify","decl":{"start":{"line":6,"column":18},"end":{"line":21,"column":1}},"loc":{"start":{"line":6,"column":18},"end":{"line":21,"column":1}},"line":6},"1":{"name":"render","decl":{"start":{"line":23,"column":15},"end":{"line":54,"column":1}},"loc":{"start":{"line":23,"column":15},"end":{"line":54,"column":1}},"line":23},"2":{"name":"iter","decl":{"start":{"line":24,"column":15},"end":{"line":51,"column":4}},"loc":{"start":{"line":24,"column":15},"end":{"line":51,"column":4}},"line":24},"3":{"name":"stylish","decl":{"start":{"line":55,"column":16},"end":{"line":58,"column":1}},"loc":{"start":{"line":55,"column":16},"end":{"line":58,"column":1}},"line":55}},"f":{"0":84,"1":4,"2":20,"3":4}}
}
