TN:
SF:index.js
FNF:0
FNH:0
DA:1,1
DA:2,1
DA:3,1
LF:3
LH:3
BRDA:1,0,0,1
BRF:1
BRH:1
end_of_record
TN:
SF:src/index.js
FN:8,getAbsolutePath
FN:10,getExtensions
FN:12,getContentFromFile
FN:19,gendiff
FNF:4
FNH:4
FNDA:16,getAbsolutePath
FNDA:16,getExtensions
FNDA:16,getContentFromFile
FNDA:8,gendiff
DA:1,1
DA:2,1
DA:3,1
DA:4,1
DA:5,1
DA:6,1
DA:7,1
DA:8,1
DA:9,1
DA:10,1
DA:11,1
DA:12,1
DA:13,16
DA:14,16
DA:15,16
DA:16,16
DA:17,1
DA:18,1
DA:19,1
DA:20,8
DA:21,8
DA:22,8
DA:23,8
DA:24,1
DA:25,1
DA:26,1
LF:26
LH:26
BRDA:1,0,0,1
BRDA:8,1,0,16
BRDA:10,2,0,16
BRDA:12,3,0,16
BRDA:19,4,0,8
BRF:5
BRH:5
end_of_record
TN:
SF:src/parsers.js
FN:3,parseFile
FNF:1
FNH:1
FNDA:16,parseFile
DA:1,1
DA:2,1
DA:3,1
DA:4,16
DA:5,16
DA:6,8
DA:7,16
DA:8,16
DA:9,8
DA:10,16
DA:11,0
DA:12,16
DA:13,1
DA:14,1
LF:14
LH:13
BRDA:1,0,0,1
BRDA:3,1,0,16
BRDA:5,2,0,8
BRDA:7,3,0,0
BRDA:8,4,0,8
BRDA:10,5,0,0
BRF:6
BRH:4
end_of_record
TN:
SF:src/treeBuilder.js
FN:3,makeTree
FNF:1
FNH:1
FNDA:40,makeTree
DA:1,1
DA:2,1
DA:3,1
DA:4,40
DA:5,40
DA:6,40
DA:7,144
DA:8,40
DA:9,40
DA:10,40
DA:11,40
DA:12,40
DA:13,40
DA:14,144
DA:15,16
DA:16,16
DA:17,16
DA:18,16
DA:19,16
DA:20,16
DA:21,144
DA:22,32
DA:23,32
DA:24,32
DA:25,32
DA:26,32
DA:27,32
DA:28,144
DA:29,32
DA:30,32
DA:31,32
DA:32,32
DA:33,32
DA:34,32
DA:35,32
DA:36,24
DA:37,24
DA:38,24
DA:39,24
DA:40,24
DA:41,24
DA:42,40
DA:43,40
DA:44,40
DA:45,1
DA:46,1
LF:46
LH:46
BRDA:1,0,0,1
BRDA:3,1,0,40
BRDA:6,2,0,144
BRDA:7,3,0,40
BRDA:14,4,0,104
BRDA:14,5,0,16
BRDA:21,6,0,88
BRDA:21,7,0,40
BRDA:21,8,0,32
BRDA:28,9,0,56
BRDA:28,10,0,32
BRDA:36,11,0,24
BRF:12
BRH:12
end_of_record
TN:
SF:src/formatters/index.js
FN:5,formatFile
FNF:1
FNH:1
FNDA:8,formatFile
DA:1,1
DA:2,1
DA:3,1
DA:4,1
DA:5,1
DA:6,8
DA:7,8
DA:8,2
DA:9,8
DA:10,2
DA:11,8
DA:12,4
DA:13,8
DA:14,0
DA:15,8
DA:16,1
DA:17,1
LF:17
LH:16
BRDA:1,0,0,1
BRDA:5,1,0,8
BRDA:7,2,0,2
BRDA:9,3,0,2
BRDA:11,4,0,4
BRDA:13,5,0,0
BRF:6
BRH:5
end_of_record
TN:
SF:src/formatters/json.js
FN:1,makeJson
FNF:1
FNH:1
FNDA:2,makeJson
DA:1,1
DA:2,1
DA:3,1
LF:3
LH:3
BRDA:1,0,0,1
BRDA:1,1,0,2
BRF:2
BRH:2
end_of_record
TN:
SF:src/formatters/plain.js
FN:3,getValue
FN:16,plain
FN:17,iter
FNF:3
FNH:3
FNDA:26,getValue
FNDA:2,plain
FNDA:10,iter
DA:1,1
DA:2,1
DA:3,1
DA:4,26
DA:5,2
DA:6,2
DA:7,26
DA:8,6
DA:9,6
DA:10,26
DA:11,14
DA:12,14
DA:13,4
DA:14,1
DA:15,1
DA:16,1
DA:17,2
DA:18,10
DA:19,10
DA:20,30
DA:21,30
DA:22,30
DA:23,30
DA:24,30
DA:25,30
DA:26,10
DA:27,10
DA:28,30
DA:29,4
DA:30,4
DA:31,30
DA:32,8
DA:33,8
DA:34,30
DA:35,8
DA:36,8
DA:37,30
DA:38,0
DA:39,30
DA:40,2
DA:41,2
DA:42,2
DA:43,1
DA:44,1
DA:45,1
LF:45
LH:44
BRDA:1,0,0,1
BRDA:3,1,0,26
BRDA:4,2,0,2
BRDA:7,3,0,24
BRDA:7,4,0,6
BRDA:10,5,0,18
BRDA:10,6,0,14
BRDA:13,7,0,4
BRDA:16,8,0,2
BRDA:17,9,0,10
BRDA:18,10,0,36
BRDA:19,11,0,30
BRDA:25,12,0,10
BRDA:28,13,0,4
BRDA:31,14,0,8
BRDA:34,15,0,8
BRDA:37,16,0,0
BRF:17
BRH:16
end_of_record
TN:
SF:src/formatters/stylish.js
FN:6,stringify
FN:23,render
FN:24,iter
FN:55,stylish
FNF:4
FNH:4
FNDA:84,stringify
FNDA:4,render
FNDA:20,iter
FNDA:4,stylish
DA:1,1
DA:2,1
DA:3,1
DA:4,1
DA:5,1
DA:6,1
DA:7,84
DA:8,84
DA:9,84
DA:10,84
DA:11,56
DA:12,56
DA:13,28
DA:14,28
DA:15,36
DA:16,12
DA:17,12
DA:18,24
DA:19,28
DA:20,28
DA:21,1
DA:22,1
DA:23,1
DA:24,4
DA:25,72
DA:26,72
DA:27,72
DA:28,72
DA:29,72
DA:30,72
DA:31,72
DA:32,72
DA:33,20
DA:34,20
DA:35,72
DA:36,8
DA:37,8
DA:38,72
DA:39,16
DA:40,16
DA:41,72
DA:42,16
DA:43,16
DA:44,72
DA:45,12
DA:46,12
DA:47,72
DA:48,0
DA:49,0
DA:50,72
DA:51,4
DA:52,4
DA:53,4
DA:54,1
DA:55,1
DA:56,4
DA:57,4
DA:58,1
DA:59,1
LF:59
LH:57
BRDA:1,0,0,1
BRDA:6,1,0,84
BRDA:10,2,0,56
BRDA:13,3,0,28
BRDA:14,4,0,36
BRDA:15,5,0,12
BRDA:18,6,0,24
BRDA:23,7,0,4
BRDA:24,8,0,20
BRDA:24,9,0,72
BRDA:32,10,0,20
BRDA:35,11,0,8
BRDA:38,12,0,16
BRDA:41,13,0,16
BRDA:44,14,0,12
BRDA:47,15,0,0
BRDA:55,16,0,4
BRF:17
BRH:16
end_of_record
